<?xml version="1.0" encoding="UTF-8"?>
<!-- Generated by org.testng.reporters.JUnitReportReporter -->
<testsuite hostname="DESKTOP-KPMAOS8" failures="0" tests="4" name="TestNg.DependsOnMethod" time="24.756" errors="0" timestamp="2024-02-17T12:52:54 IST" skipped="0">
  <testcase classname="TestNg.DependsOnMethod" name="OpenApp" time="19.410"/>
  <testcase classname="TestNg.DependsOnMethod" name="Login" time="5.006"/>
  <testcase classname="TestNg.DependsOnMethod" name="search" time="0.003"/>
  <testcase classname="TestNg.DependsOnMethod" name="CloseApp" time="0.337"/>
</testsuite> <!-- TestNg.DependsOnMethod -->
