<?xml version="1.0" encoding="UTF-8"?>
<!-- Generated by org.testng.reporters.JUnitReportReporter -->
<testsuite hostname="DESKTOP-KPMAOS8" failures="0" tests="2" name="TestNg.BeforeAfterClass" time="2.221" errors="0" timestamp="2024-02-15T12:44:34 IST" skipped="0">
  <testcase classname="TestNg.BeforeAfterClass" name="login" time="2.219"/>
  <testcase classname="TestNg.BeforeAfterClass" name="search" time="0.002"/>
</testsuite> <!-- TestNg.BeforeAfterClass -->
