<?xml version="1.0" encoding="UTF-8"?>
<!-- Generated by org.testng.reporters.JUnitReportReporter -->
<testsuite hostname="DESKTOP-KPMAOS8" failures="0" tests="4" name="TestNg.AnnotationPriority" time="16.813" errors="0" timestamp="2024-02-13T12:55:42 IST" skipped="0">
  <testcase classname="TestNg.AnnotationPriority" name="OpenApp" time="14.592"/>
  <testcase classname="TestNg.AnnotationPriority" name="Login" time="1.789"/>
  <testcase classname="TestNg.AnnotationPriority" name="search" time="0.012"/>
  <testcase classname="TestNg.AnnotationPriority" name="CloseApp" time="0.420"/>
</testsuite> <!-- TestNg.AnnotationPriority -->
